fileName=FinalScan.ini jpgWidth=752 jpgHeight=480
fileName=FinalScan.ini yDiffMin=1160 yStepSize=1180 yMin=-42635 yMax=285 yAxis=142500
fileName=FinalScan.ini xDiffMin=0 xStepSize=1590 xMin=152698 xMax=182528 xAxis=278000
fileName=FinalScan.ini Read xAdj=2.11436
fileName=FinalScan.ini Read yAdj=2.45833
fileName=FinalCond.ini jpgWidth=752 jpgHeight=480
fileName=FinalCond.ini yDiffMin=4720 yStepSize=0 yMin=-40275 yMax=2205 yAxis=0
fileName=FinalCond.ini xDiffMin=0 xStepSize=0 xMin=155878 xMax=187678 xAxis=0
fileName=FinalCond.ini Guessed xAdj=8.45745
fileName=FinalCond.ini Guessed yAdj=9.83333
fileName=SlideScan.ini jpgWidth=752 jpgHeight=480
fileName=SlideScan.ini yDiffMin=36075 yStepSize=36075 yMin=-37875 yMax=-1800 yAxis=0
fileName=SlideScan.ini xDiffMin=0 xStepSize=48500 xMin=132500 xMax=181000 xAxis=0
fileName=SlideScan.ini Read xAdj=64.4947
fileName=SlideScan.ini Read yAdj=75.1562
fileName=SlideCond.ini jpgWidth=752 jpgHeight=480
fileName=SlideCond.ini yDiffMin=144300 yStepSize=0 yMin=-37875 yMax=106425 yAxis=0
fileName=SlideCond.ini xDiffMin=0 xStepSize=0 xMin=121075 xMax=315075 xAxis=0
fileName=SlideCond.ini Guessed xAdj=257.979
fileName=SlideCond.ini Guessed yAdj=300.625
fileName=FinalScan.ini totalWidth in pixels=45876 totalHeight in pixels=29349
fileName=FinalCond.ini totalWidth in pixels=11469 totalHeight in pixels=7337
fileName=SlideScan.ini totalWidth in pixels=1504 totalHeight in pixels=960
fileName=SlideCond.ini totalWidth in pixels=376 totalHeight in pixels=240
filename=/home/prichard/src/WS_041/Ss3.jpg x=751 y=479
filename=/home/prichard/src/WS_041/Ss4.jpg x=0 y=479
filename=/home/prichard/src/WS_041/Ss2.jpg x=751 y=0
filename=/home/prichard/src/WS_041/Ss1.jpg x=0 y=0
filename=/home/prichard/src/WS_041/Sb1.jpg x=751 y=479
filename=/home/prichard/src/WS_041/Sb2.jpg x=0 y=479
filename=/home/prichard/src/WS_041/Sb3.jpg x=751 y=0
filename=/home/prichard/src/WS_041/Sb4.jpg x=0 y=0
simulatedWidth=592 simulatedHeight=628
Reading level 1 and scaling...
Reading level 2 and scaling.
Diff X Vector Size: 181
Best (First in sorted arrays) X, Y alignment: 257 184
Alignment array: 
 {257.812,184.859}  {257.293,183.072}  {257.564,184.357}  {256.918,183.012}  {258.24,183.494}  {257.139,182.893}  {258.927,185.372}  {257.449,183.68}  {255.792,184.684}  {257.385,182.991}  {256.625,182.762}  {257.168,185.078}  {259.206,185.099}  {256.852,185.214}  {257.352,185.241}  {256.728,183.248}  {257.566,183.756}  {257.196,185.366}  {257.08,183.47}  {257.397,185.613}  {257.199,183.67}  {257.026,183.234}  {258.629,182.081}  {258.409,183.715}  {257.074,183.798}  {257.313,183.382}  {257.093,183.778}  {257.414,183.071}  {258.086,184.826}  {258.927,183.049}  {256.907,183.342}  {258.486,184.296}  {257.448,183.3}  {256.744,184.641}  {256.628,183.305}  {257.37,185.51}  {256.938,183.962}  {257.906,185.401}  {258.576,184.892}  {257.191,183.995}  {256.859,182.926}  {256.757,184.153}  {256.985,183.57}  {255.905,183.331}  {258.475,183.727}  {257.386,182.847}  {255.852,183.474}  {257.744,185.834}  {257.172,185.58}  {256.576,185.235}  {256.937,182.577}  {257.864,185.08}  {256.738,183.632}  {257.555,183.448}  {257.121,185.273}  {257.523,183.485}  {259.684,184.511}  {257.111,182.874}  {258.183,185.333}  {257.419,183.37}  {255.56,183.096}  {257.924,183.168}  {257.733,185.105}  {257.537,184.81}  {257.601,185.366}  {256.33,183.799}  {257.19,183.146}  {257.215,183.721}  {256.714,183.564}  {258.052,183.269}  {258.13,185.978}  {256.941,183.597}  {256.645,184.922}  {259.457,182.399}  {256.77,183.866}  {257,185.384}  {257.26,184.052}  {258.393,185.666}  {258.317,184.35}  {257.425,185.311}  {258.364,186.983}  {257.024,183.614}  {256.715,182.877}  {259.839,184.789}  {257.211,183.36}  {257.109,183.215}  {258.264,183.247}  {257.604,184.061}  {257.933,185.666}  {255.007,186.106}  {257.542,183.478}  {256.162,182.365}  {257.051,185.228}  {257.152,183.495}  {257.193,183.263}  {257.324,183.822}  {257.112,184.082}  {296.026,276.201}  {260.439,177.414}  {258.466,185.685}  {258.341,183.245}  {257.269,185.022}  {256.743,183.961}  {256.875,183.541}  {257.279,185.284}  {257.936,184.832}  {256.993,183.698}  {259.601,185.503}  {256.936,184.69}  {258.206,187.064}  {256.886,183.593}  {257.592,184.735}  {257.746,185.118}  {256.844,185.821}  {361.252,-254.12}  {256.856,182.781}  {258.923,182.834}  {256.989,183.262}  {258.511,185.449}  {258.029,183.797}  {257.046,183.062}  {256.147,185.778}  {257.473,184.651}  {256.709,185.019}  {258.304,185.512}  {258.222,182.961}  {534.207,97.8372}  {257.811,184.31}  {257.128,182.512}  {245.54,208.996}  {373.494,133.411}  {257.101,183.415}  {-60.7524,383.32}  {255.627,185.37}  {257.507,184.683}  {258.915,185.27}  {257.837,183.65}  {249.931,186.599}  {257.97,185.572}  {257.465,185.849}  {413.794,160.426}  {257.464,185.095}  {105.885,137.966}  {257.124,182.662}  {257.269,183.211}  {257.261,183.843}  {257.155,183.047}  {256.767,184.554}  {257.846,185.286}  {349.884,-384.587}  {582.29,148.382}  {258.433,186.053}  {169.995,641.261}  {263.613,313.486}  {364.507,155.432}  {142.035,622.345}  {194.985,-14.7686}  {578.705,21.1969}  {219.707,374.851}  {228.859,193.576}  {253.506,194.605}  {229.707,166.123}  {273.221,223.677}  {246.816,-175.559}  {1257.66,-31.6874}  {473.576,224.247}  {332.45,-205.49}  {256.725,184.26}  {251.52,181.133}  {258.53,183.84}  {258.092,180.735}  {391.133,-46.6878}  {-29.1464,-43.1948}  {353.773,-145.346}  {267.223,180.4}  {164.97,302.592}  {154.89,-96.129}  {212.846,-178.943}  {160.369,180.467}  {283.028,480.173}  {256.965,183.254} 
filename=/home/prichard/src/WS_041/Da470.jpg x=17700.4 y=23865
filename=/home/prichard/src/WS_041/Da471.jpg x=16957.9 y=23865
filename=/home/prichard/src/WS_041/Da472.jpg x=16215.3 y=23865
filename=/home/prichard/src/WS_041/Da473.jpg x=15472.8 y=23865
filename=/home/prichard/src/WS_041/Da474.jpg x=14730.2 y=23865
filename=/home/prichard/src/WS_041/Da475.jpg x=13987.7 y=23865
filename=/home/prichard/src/WS_041/Da476.jpg x=13245.2 y=23865
filename=/home/prichard/src/WS_041/Da469.jpg x=19185.5 y=23393.1
filename=/home/prichard/src/WS_041/Da468.jpg x=18442.9 y=23393.1
filename=/home/prichard/src/WS_041/Da467.jpg x=17700.4 y=23393.1
filename=/home/prichard/src/WS_041/Da466.jpg x=16957.9 y=23393.1
filename=/home/prichard/src/WS_041/Da465.jpg x=16215.3 y=23393.1
filename=/home/prichard/src/WS_041/Da464.jpg x=15472.8 y=23393.1
filename=/home/prichard/src/WS_041/Da463.jpg x=14730.2 y=23393.1
filename=/home/prichard/src/WS_041/Da462.jpg x=13987.7 y=23393.1
filename=/home/prichard/src/WS_041/Da461.jpg x=13245.2 y=23393.1
filename=/home/prichard/src/WS_041/Da460.jpg x=12502.6 y=23393.1
filename=/home/prichard/src/WS_041/Da459.jpg x=11760.1 y=23393.1
filename=/home/prichard/src/WS_041/Da447.jpg x=19185.5 y=22921.3
filename=/home/prichard/src/WS_041/Da448.jpg x=18442.9 y=22921.3
filename=/home/prichard/src/WS_041/Da449.jpg x=17700.4 y=22921.3
filename=/home/prichard/src/WS_041/Da450.jpg x=16957.9 y=22921.3
filename=/home/prichard/src/WS_041/Da451.jpg x=16215.3 y=22921.3
filename=/home/prichard/src/WS_041/Da452.jpg x=15472.8 y=22921.3
filename=/home/prichard/src/WS_041/Da453.jpg x=14730.2 y=22921.3
filename=/home/prichard/src/WS_041/Da454.jpg x=13987.7 y=22921.3
filename=/home/prichard/src/WS_041/Da455.jpg x=13245.2 y=22921.3
filename=/home/prichard/src/WS_041/Da456.jpg x=12502.6 y=22921.3
filename=/home/prichard/src/WS_041/Da457.jpg x=11760.1 y=22921.3
filename=/home/prichard/src/WS_041/Da458.jpg x=11017.5 y=22921.3
filename=/home/prichard/src/WS_041/Da446.jpg x=19928 y=22449.4
filename=/home/prichard/src/WS_041/Da445.jpg x=19185.5 y=22449.4
filename=/home/prichard/src/WS_041/Da444.jpg x=18442.9 y=22449.4
filename=/home/prichard/src/WS_041/Da443.jpg x=17700.4 y=22449.4
filename=/home/prichard/src/WS_041/Da442.jpg x=16957.9 y=22449.4
filename=/home/prichard/src/WS_041/Da441.jpg x=16215.3 y=22449.4
filename=/home/prichard/src/WS_041/Da440.jpg x=15472.8 y=22449.4
filename=/home/prichard/src/WS_041/Da439.jpg x=14730.2 y=22449.4
filename=/home/prichard/src/WS_041/Da438.jpg x=13987.7 y=22449.4
filename=/home/prichard/src/WS_041/Da437.jpg x=13245.2 y=22449.4
filename=/home/prichard/src/WS_041/Da436.jpg x=12502.6 y=22449.4
filename=/home/prichard/src/WS_041/Da435.jpg x=11760.1 y=22449.4
filename=/home/prichard/src/WS_041/Da434.jpg x=11017.5 y=22449.4
filename=/home/prichard/src/WS_041/Da421.jpg x=19928 y=21977.5
filename=/home/prichard/src/WS_041/Da422.jpg x=19185.5 y=21977.5
filename=/home/prichard/src/WS_041/Da423.jpg x=18442.9 y=21977.5
filename=/home/prichard/src/WS_041/Da424.jpg x=17700.4 y=21977.5
filename=/home/prichard/src/WS_041/Da425.jpg x=16957.9 y=21977.5
filename=/home/prichard/src/WS_041/Da426.jpg x=16215.3 y=21977.5
filename=/home/prichard/src/WS_041/Da427.jpg x=15472.8 y=21977.5
filename=/home/prichard/src/WS_041/Da428.jpg x=14730.2 y=21977.5
filename=/home/prichard/src/WS_041/Da429.jpg x=13987.7 y=21977.5
filename=/home/prichard/src/WS_041/Da430.jpg x=13245.2 y=21977.5
filename=/home/prichard/src/WS_041/Da431.jpg x=12502.6 y=21977.5
filename=/home/prichard/src/WS_041/Da432.jpg x=11760.1 y=21977.5
filename=/home/prichard/src/WS_041/Da433.jpg x=11017.5 y=21977.5
filename=/home/prichard/src/WS_041/Da420.jpg x=19928 y=21505.7
filename=/home/prichard/src/WS_041/Da419.jpg x=19185.5 y=21505.7
filename=/home/prichard/src/WS_041/Da418.jpg x=18442.9 y=21505.7
filename=/home/prichard/src/WS_041/Da417.jpg x=17700.4 y=21505.7
filename=/home/prichard/src/WS_041/Da416.jpg x=16957.9 y=21505.7
filename=/home/prichard/src/WS_041/Da415.jpg x=16215.3 y=21505.7
filename=/home/prichard/src/WS_041/Da414.jpg x=15472.8 y=21505.7
filename=/home/prichard/src/WS_041/Da413.jpg x=14730.2 y=21505.7
filename=/home/prichard/src/WS_041/Da412.jpg x=13987.7 y=21505.7
filename=/home/prichard/src/WS_041/Da411.jpg x=13245.2 y=21505.7
filename=/home/prichard/src/WS_041/Da410.jpg x=12502.6 y=21505.7
filename=/home/prichard/src/WS_041/Da409.jpg x=11760.1 y=21505.7
filename=/home/prichard/src/WS_041/Da408.jpg x=11017.5 y=21505.7
filename=/home/prichard/src/WS_041/Da407.jpg x=10275 y=21505.7
filename=/home/prichard/src/WS_041/Da393.jpg x=19928 y=21033.8
filename=/home/prichard/src/WS_041/Da394.jpg x=19185.5 y=21033.8
filename=/home/prichard/src/WS_041/Da395.jpg x=18442.9 y=21033.8
filename=/home/prichard/src/WS_041/Da396.jpg x=17700.4 y=21033.8
filename=/home/prichard/src/WS_041/Da397.jpg x=16957.9 y=21033.8
filename=/home/prichard/src/WS_041/Da398.jpg x=16215.3 y=21033.8
filename=/home/prichard/src/WS_041/Da399.jpg x=15472.8 y=21033.8
filename=/home/prichard/src/WS_041/Da400.jpg x=14730.2 y=21033.8
filename=/home/prichard/src/WS_041/Da401.jpg x=13987.7 y=21033.8
filename=/home/prichard/src/WS_041/Da402.jpg x=13245.2 y=21033.8
filename=/home/prichard/src/WS_041/Da403.jpg x=12502.6 y=21033.8
filename=/home/prichard/src/WS_041/Da404.jpg x=11760.1 y=21033.8
filename=/home/prichard/src/WS_041/Da405.jpg x=11017.5 y=21033.8
filename=/home/prichard/src/WS_041/Da406.jpg x=10275 y=21033.8
filename=/home/prichard/src/WS_041/Da392.jpg x=19928 y=20561.9
filename=/home/prichard/src/WS_041/Da391.jpg x=19185.5 y=20561.9
filename=/home/prichard/src/WS_041/Da390.jpg x=18442.9 y=20561.9
filename=/home/prichard/src/WS_041/Da389.jpg x=17700.4 y=20561.9
filename=/home/prichard/src/WS_041/Da388.jpg x=16957.9 y=20561.9
filename=/home/prichard/src/WS_041/Da387.jpg x=16215.3 y=20561.9
filename=/home/prichard/src/WS_041/Da386.jpg x=15472.8 y=20561.9
filename=/home/prichard/src/WS_041/Da385.jpg x=14730.2 y=20561.9
filename=/home/prichard/src/WS_041/Da384.jpg x=13987.7 y=20561.9
filename=/home/prichard/src/WS_041/Da383.jpg x=13245.2 y=20561.9
filename=/home/prichard/src/WS_041/Da382.jpg x=12502.6 y=20561.9
filename=/home/prichard/src/WS_041/Da381.jpg x=11760.1 y=20561.9
filename=/home/prichard/src/WS_041/Da380.jpg x=11017.5 y=20561.9
filename=/home/prichard/src/WS_041/Da379.jpg x=10275 y=20561.9
filename=/home/prichard/src/WS_041/Da365.jpg x=19928 y=20090.1
filename=/home/prichard/src/WS_041/Da366.jpg x=19185.5 y=20090.1
filename=/home/prichard/src/WS_041/Da367.jpg x=18442.9 y=20090.1
filename=/home/prichard/src/WS_041/Da368.jpg x=17700.4 y=20090.1
filename=/home/prichard/src/WS_041/Da369.jpg x=16957.9 y=20090.1
filename=/home/prichard/src/WS_041/Da370.jpg x=16215.3 y=20090.1
filename=/home/prichard/src/WS_041/Da371.jpg x=15472.8 y=20090.1
filename=/home/prichard/src/WS_041/Da372.jpg x=14730.2 y=20090.1
filename=/home/prichard/src/WS_041/Da373.jpg x=13987.7 y=20090.1
filename=/home/prichard/src/WS_041/Da374.jpg x=13245.2 y=20090.1
filename=/home/prichard/src/WS_041/Da375.jpg x=12502.6 y=20090.1
filename=/home/prichard/src/WS_041/Da376.jpg x=11760.1 y=20090.1
filename=/home/prichard/src/WS_041/Da377.jpg x=11017.5 y=20090.1
filename=/home/prichard/src/WS_041/Da378.jpg x=10275 y=20090.1
filename=/home/prichard/src/WS_041/Da364.jpg x=19928 y=19618.2
filename=/home/prichard/src/WS_041/Da363.jpg x=19185.5 y=19618.2
filename=/home/prichard/src/WS_041/Da362.jpg x=18442.9 y=19618.2
filename=/home/prichard/src/WS_041/Da361.jpg x=17700.4 y=19618.2
filename=/home/prichard/src/WS_041/Da360.jpg x=16957.9 y=19618.2
filename=/home/prichard/src/WS_041/Da359.jpg x=16215.3 y=19618.2
filename=/home/prichard/src/WS_041/Da358.jpg x=15472.8 y=19618.2
filename=/home/prichard/src/WS_041/Da357.jpg x=14730.2 y=19618.2
filename=/home/prichard/src/WS_041/Da356.jpg x=13987.7 y=19618.2
filename=/home/prichard/src/WS_041/Da355.jpg x=13245.2 y=19618.2
filename=/home/prichard/src/WS_041/Da354.jpg x=12502.6 y=19618.2
filename=/home/prichard/src/WS_041/Da353.jpg x=11760.1 y=19618.2
filename=/home/prichard/src/WS_041/Da352.jpg x=11017.5 y=19618.2
filename=/home/prichard/src/WS_041/Da351.jpg x=10275 y=19618.2
filename=/home/prichard/src/WS_041/Da337.jpg x=19928 y=19146.3
filename=/home/prichard/src/WS_041/Da338.jpg x=19185.5 y=19146.3
filename=/home/prichard/src/WS_041/Da339.jpg x=18442.9 y=19146.3
filename=/home/prichard/src/WS_041/Da340.jpg x=17700.4 y=19146.3
filename=/home/prichard/src/WS_041/Da341.jpg x=16957.9 y=19146.3
filename=/home/prichard/src/WS_041/Da342.jpg x=16215.3 y=19146.3
filename=/home/prichard/src/WS_041/Da343.jpg x=15472.8 y=19146.3
filename=/home/prichard/src/WS_041/Da344.jpg x=14730.2 y=19146.3
filename=/home/prichard/src/WS_041/Da345.jpg x=13987.7 y=19146.3
filename=/home/prichard/src/WS_041/Da346.jpg x=13245.2 y=19146.3
filename=/home/prichard/src/WS_041/Da347.jpg x=12502.6 y=19146.3
filename=/home/prichard/src/WS_041/Da348.jpg x=11760.1 y=19146.3
filename=/home/prichard/src/WS_041/Da349.jpg x=11017.5 y=19146.3
filename=/home/prichard/src/WS_041/Da350.jpg x=10275 y=19146.3
filename=/home/prichard/src/WS_041/Da336.jpg x=19928 y=18674.5
filename=/home/prichard/src/WS_041/Da335.jpg x=19185.5 y=18674.5
filename=/home/prichard/src/WS_041/Da334.jpg x=18442.9 y=18674.5
filename=/home/prichard/src/WS_041/Da333.jpg x=17700.4 y=18674.5
filename=/home/prichard/src/WS_041/Da332.jpg x=16957.9 y=18674.5
filename=/home/prichard/src/WS_041/Da331.jpg x=16215.3 y=18674.5
filename=/home/prichard/src/WS_041/Da330.jpg x=15472.8 y=18674.5
filename=/home/prichard/src/WS_041/Da329.jpg x=14730.2 y=18674.5
filename=/home/prichard/src/WS_041/Da328.jpg x=13987.7 y=18674.5
filename=/home/prichard/src/WS_041/Da327.jpg x=13245.2 y=18674.5
filename=/home/prichard/src/WS_041/Da326.jpg x=12502.6 y=18674.5
filename=/home/prichard/src/WS_041/Da325.jpg x=11760.1 y=18674.5
filename=/home/prichard/src/WS_041/Da324.jpg x=11017.5 y=18674.5
filename=/home/prichard/src/WS_041/Da323.jpg x=10275 y=18674.5
filename=/home/prichard/src/WS_041/Da310.jpg x=19928 y=18202.6
filename=/home/prichard/src/WS_041/Da311.jpg x=19185.5 y=18202.6
filename=/home/prichard/src/WS_041/Da312.jpg x=18442.9 y=18202.6
filename=/home/prichard/src/WS_041/Da313.jpg x=17700.4 y=18202.6
filename=/home/prichard/src/WS_041/Da314.jpg x=16957.9 y=18202.6
filename=/home/prichard/src/WS_041/Da315.jpg x=16215.3 y=18202.6
filename=/home/prichard/src/WS_041/Da316.jpg x=15472.8 y=18202.6
filename=/home/prichard/src/WS_041/Da317.jpg x=14730.2 y=18202.6
filename=/home/prichard/src/WS_041/Da318.jpg x=13987.7 y=18202.6
filename=/home/prichard/src/WS_041/Da319.jpg x=13245.2 y=18202.6
filename=/home/prichard/src/WS_041/Da320.jpg x=12502.6 y=18202.6
filename=/home/prichard/src/WS_041/Da321.jpg x=11760.1 y=18202.6
filename=/home/prichard/src/WS_041/Da322.jpg x=11017.5 y=18202.6
filename=/home/prichard/src/WS_041/Da309.jpg x=19928 y=17730.7
filename=/home/prichard/src/WS_041/Da308.jpg x=19185.5 y=17730.7
filename=/home/prichard/src/WS_041/Da307.jpg x=18442.9 y=17730.7
filename=/home/prichard/src/WS_041/Da306.jpg x=17700.4 y=17730.7
filename=/home/prichard/src/WS_041/Da305.jpg x=16957.9 y=17730.7
filename=/home/prichard/src/WS_041/Da304.jpg x=16215.3 y=17730.7
filename=/home/prichard/src/WS_041/Da303.jpg x=15472.8 y=17730.7
filename=/home/prichard/src/WS_041/Da302.jpg x=14730.2 y=17730.7
filename=/home/prichard/src/WS_041/Da301.jpg x=13987.7 y=17730.7
filename=/home/prichard/src/WS_041/Da300.jpg x=13245.2 y=17730.7
filename=/home/prichard/src/WS_041/Da299.jpg x=12502.6 y=17730.7
filename=/home/prichard/src/WS_041/Da298.jpg x=11760.1 y=17730.7
filename=/home/prichard/src/WS_041/Da297.jpg x=11017.5 y=17730.7
filename=/home/prichard/src/WS_041/Da286.jpg x=19185.5 y=17258.9
filename=/home/prichard/src/WS_041/Da287.jpg x=18442.9 y=17258.9
filename=/home/prichard/src/WS_041/Da288.jpg x=17700.4 y=17258.9
filename=/home/prichard/src/WS_041/Da289.jpg x=16957.9 y=17258.9
filename=/home/prichard/src/WS_041/Da290.jpg x=16215.3 y=17258.9
filename=/home/prichard/src/WS_041/Da291.jpg x=15472.8 y=17258.9
filename=/home/prichard/src/WS_041/Da292.jpg x=14730.2 y=17258.9
filename=/home/prichard/src/WS_041/Da293.jpg x=13987.7 y=17258.9
filename=/home/prichard/src/WS_041/Da294.jpg x=13245.2 y=17258.9
filename=/home/prichard/src/WS_041/Da295.jpg x=12502.6 y=17258.9
filename=/home/prichard/src/WS_041/Da296.jpg x=11760.1 y=17258.9
filename=/home/prichard/src/WS_041/Da285.jpg x=18442.9 y=16787
filename=/home/prichard/src/WS_041/Da284.jpg x=17700.4 y=16787
filename=/home/prichard/src/WS_041/Da283.jpg x=16957.9 y=16787
filename=/home/prichard/src/WS_041/Da282.jpg x=16215.3 y=16787
filename=/home/prichard/src/WS_041/Da281.jpg x=15472.8 y=16787
filename=/home/prichard/src/WS_041/Da280.jpg x=14730.2 y=16787
filename=/home/prichard/src/WS_041/Da279.jpg x=13987.7 y=16787
filename=/home/prichard/src/WS_041/Da278.jpg x=13245.2 y=16787
filename=/home/prichard/src/WS_041/Da277.jpg x=12502.6 y=16787
filename=/home/prichard/src/WS_041/Da276.jpg x=11760.1 y=16787
filename=/home/prichard/src/WS_041/Da268.jpg x=16957.9 y=16315.2
filename=/home/prichard/src/WS_041/Da269.jpg x=16215.3 y=16315.2
filename=/home/prichard/src/WS_041/Da270.jpg x=15472.8 y=16315.2
filename=/home/prichard/src/WS_041/Da271.jpg x=14730.2 y=16315.2
filename=/home/prichard/src/WS_041/Da272.jpg x=13987.7 y=16315.2
filename=/home/prichard/src/WS_041/Da273.jpg x=13245.2 y=16315.2
filename=/home/prichard/src/WS_041/Da274.jpg x=12502.6 y=16315.2
filename=/home/prichard/src/WS_041/Da275.jpg x=11760.1 y=16315.2
filename=/home/prichard/src/WS_041/Da267.jpg x=16215.3 y=15843.3
filename=/home/prichard/src/WS_041/Da266.jpg x=15472.8 y=15843.3
filename=/home/prichard/src/WS_041/Da265.jpg x=14730.2 y=15843.3
filename=/home/prichard/src/WS_041/Da264.jpg x=13987.7 y=15843.3
filename=/home/prichard/src/WS_041/Da263.jpg x=13245.2 y=15843.3
filename=/home/prichard/src/WS_041/Da262.jpg x=12502.6 y=15843.3
filename=/home/prichard/src/WS_041/Da261.jpg x=11760.1 y=15843.3
filename=/home/prichard/src/WS_041/Da254.jpg x=16215.3 y=15371.4
filename=/home/prichard/src/WS_041/Da255.jpg x=15472.8 y=15371.4
filename=/home/prichard/src/WS_041/Da256.jpg x=14730.2 y=15371.4
filename=/home/prichard/src/WS_041/Da257.jpg x=13987.7 y=15371.4
filename=/home/prichard/src/WS_041/Da258.jpg x=13245.2 y=15371.4
filename=/home/prichard/src/WS_041/Da259.jpg x=12502.6 y=15371.4
filename=/home/prichard/src/WS_041/Da260.jpg x=11760.1 y=15371.4
filename=/home/prichard/src/WS_041/Da253.jpg x=16215.3 y=14899.6
filename=/home/prichard/src/WS_041/Da252.jpg x=15472.8 y=14899.6
filename=/home/prichard/src/WS_041/Da251.jpg x=14730.2 y=14899.6
filename=/home/prichard/src/WS_041/Da250.jpg x=13987.7 y=14899.6
filename=/home/prichard/src/WS_041/Da249.jpg x=13245.2 y=14899.6
filename=/home/prichard/src/WS_041/Da248.jpg x=12502.6 y=14899.6
filename=/home/prichard/src/WS_041/Da247.jpg x=11760.1 y=14899.6
filename=/home/prichard/src/WS_041/Da240.jpg x=16215.3 y=14427.7
filename=/home/prichard/src/WS_041/Da241.jpg x=15472.8 y=14427.7
filename=/home/prichard/src/WS_041/Da242.jpg x=14730.2 y=14427.7
filename=/home/prichard/src/WS_041/Da243.jpg x=13987.7 y=14427.7
filename=/home/prichard/src/WS_041/Da244.jpg x=13245.2 y=14427.7
filename=/home/prichard/src/WS_041/Da245.jpg x=12502.6 y=14427.7
filename=/home/prichard/src/WS_041/Da246.jpg x=11760.1 y=14427.7
filename=/home/prichard/src/WS_041/Da239.jpg x=16215.3 y=13955.8
filename=/home/prichard/src/WS_041/Da238.jpg x=15472.8 y=13955.8
filename=/home/prichard/src/WS_041/Da237.jpg x=14730.2 y=13955.8
filename=/home/prichard/src/WS_041/Da236.jpg x=13987.7 y=13955.8
filename=/home/prichard/src/WS_041/Da235.jpg x=13245.2 y=13955.8
filename=/home/prichard/src/WS_041/Da234.jpg x=12502.6 y=13955.8
filename=/home/prichard/src/WS_041/Da233.jpg x=11760.1 y=13955.8
filename=/home/prichard/src/WS_041/Da232.jpg x=11017.5 y=13955.8
filename=/home/prichard/src/WS_041/Da221.jpg x=18442.9 y=13484
filename=/home/prichard/src/WS_041/Da222.jpg x=17700.4 y=13484
filename=/home/prichard/src/WS_041/Da223.jpg x=16957.9 y=13484
filename=/home/prichard/src/WS_041/Da224.jpg x=16215.3 y=13484
filename=/home/prichard/src/WS_041/Da225.jpg x=15472.8 y=13484
filename=/home/prichard/src/WS_041/Da226.jpg x=14730.2 y=13484
filename=/home/prichard/src/WS_041/Da227.jpg x=13987.7 y=13484
filename=/home/prichard/src/WS_041/Da228.jpg x=13245.2 y=13484
filename=/home/prichard/src/WS_041/Da229.jpg x=12502.6 y=13484
filename=/home/prichard/src/WS_041/Da230.jpg x=11760.1 y=13484
filename=/home/prichard/src/WS_041/Da231.jpg x=11017.5 y=13484
filename=/home/prichard/src/WS_041/Da220.jpg x=20670.6 y=13012.1
filename=/home/prichard/src/WS_041/Da219.jpg x=19928 y=13012.1
filename=/home/prichard/src/WS_041/Da218.jpg x=19185.5 y=13012.1
filename=/home/prichard/src/WS_041/Da217.jpg x=18442.9 y=13012.1
filename=/home/prichard/src/WS_041/Da216.jpg x=17700.4 y=13012.1
filename=/home/prichard/src/WS_041/Da215.jpg x=16957.9 y=13012.1
filename=/home/prichard/src/WS_041/Da214.jpg x=16215.3 y=13012.1
filename=/home/prichard/src/WS_041/Da213.jpg x=15472.8 y=13012.1
filename=/home/prichard/src/WS_041/Da212.jpg x=14730.2 y=13012.1
filename=/home/prichard/src/WS_041/Da211.jpg x=13987.7 y=13012.1
filename=/home/prichard/src/WS_041/Da210.jpg x=13245.2 y=13012.1
filename=/home/prichard/src/WS_041/Da209.jpg x=12502.6 y=13012.1
filename=/home/prichard/src/WS_041/Da208.jpg x=11760.1 y=13012.1
filename=/home/prichard/src/WS_041/Da207.jpg x=11017.5 y=13012.1
filename=/home/prichard/src/WS_041/Da192.jpg x=21413.1 y=12540.2
filename=/home/prichard/src/WS_041/Da193.jpg x=20670.6 y=12540.2
filename=/home/prichard/src/WS_041/Da194.jpg x=19928 y=12540.2
filename=/home/prichard/src/WS_041/Da195.jpg x=19185.5 y=12540.2
filename=/home/prichard/src/WS_041/Da196.jpg x=18442.9 y=12540.2
filename=/home/prichard/src/WS_041/Da197.jpg x=17700.4 y=12540.2
filename=/home/prichard/src/WS_041/Da198.jpg x=16957.9 y=12540.2
filename=/home/prichard/src/WS_041/Da199.jpg x=16215.3 y=12540.2
filename=/home/prichard/src/WS_041/Da200.jpg x=15472.8 y=12540.2
filename=/home/prichard/src/WS_041/Da201.jpg x=14730.2 y=12540.2
filename=/home/prichard/src/WS_041/Da202.jpg x=13987.7 y=12540.2
filename=/home/prichard/src/WS_041/Da203.jpg x=13245.2 y=12540.2
filename=/home/prichard/src/WS_041/Da204.jpg x=12502.6 y=12540.2
filename=/home/prichard/src/WS_041/Da205.jpg x=11760.1 y=12540.2
filename=/home/prichard/src/WS_041/Da206.jpg x=11017.5 y=12540.2
filename=/home/prichard/src/WS_041/Da191.jpg x=21413.1 y=12068.4
filename=/home/prichard/src/WS_041/Da190.jpg x=20670.6 y=12068.4
filename=/home/prichard/src/WS_041/Da189.jpg x=19928 y=12068.4
filename=/home/prichard/src/WS_041/Da188.jpg x=19185.5 y=12068.4
filename=/home/prichard/src/WS_041/Da187.jpg x=18442.9 y=12068.4
filename=/home/prichard/src/WS_041/Da186.jpg x=17700.4 y=12068.4
filename=/home/prichard/src/WS_041/Da185.jpg x=16957.9 y=12068.4
filename=/home/prichard/src/WS_041/Da184.jpg x=16215.3 y=12068.4
filename=/home/prichard/src/WS_041/Da183.jpg x=15472.8 y=12068.4
filename=/home/prichard/src/WS_041/Da182.jpg x=14730.2 y=12068.4
filename=/home/prichard/src/WS_041/Da181.jpg x=13987.7 y=12068.4
filename=/home/prichard/src/WS_041/Da180.jpg x=13245.2 y=12068.4
filename=/home/prichard/src/WS_041/Da179.jpg x=12502.6 y=12068.4
filename=/home/prichard/src/WS_041/Da178.jpg x=11760.1 y=12068.4
filename=/home/prichard/src/WS_041/Da177.jpg x=11017.5 y=12068.4
filename=/home/prichard/src/WS_041/Da161.jpg x=22155.7 y=11596.5
filename=/home/prichard/src/WS_041/Da162.jpg x=21413.1 y=11596.5
filename=/home/prichard/src/WS_041/Da163.jpg x=20670.6 y=11596.5
filename=/home/prichard/src/WS_041/Da164.jpg x=19928 y=11596.5
filename=/home/prichard/src/WS_041/Da165.jpg x=19185.5 y=11596.5
filename=/home/prichard/src/WS_041/Da166.jpg x=18442.9 y=11596.5
filename=/home/prichard/src/WS_041/Da167.jpg x=17700.4 y=11596.5
filename=/home/prichard/src/WS_041/Da168.jpg x=16957.9 y=11596.5
filename=/home/prichard/src/WS_041/Da169.jpg x=16215.3 y=11596.5
filename=/home/prichard/src/WS_041/Da170.jpg x=15472.8 y=11596.5
filename=/home/prichard/src/WS_041/Da171.jpg x=14730.2 y=11596.5
filename=/home/prichard/src/WS_041/Da172.jpg x=13987.7 y=11596.5
filename=/home/prichard/src/WS_041/Da173.jpg x=13245.2 y=11596.5
filename=/home/prichard/src/WS_041/Da174.jpg x=12502.6 y=11596.5
filename=/home/prichard/src/WS_041/Da175.jpg x=11760.1 y=11596.5
filename=/home/prichard/src/WS_041/Da176.jpg x=11017.5 y=11596.5
filename=/home/prichard/src/WS_041/Da160.jpg x=22155.7 y=11124.6
filename=/home/prichard/src/WS_041/Da159.jpg x=21413.1 y=11124.6
filename=/home/prichard/src/WS_041/Da158.jpg x=20670.6 y=11124.6
filename=/home/prichard/src/WS_041/Da157.jpg x=19928 y=11124.6
filename=/home/prichard/src/WS_041/Da156.jpg x=19185.5 y=11124.6
filename=/home/prichard/src/WS_041/Da155.jpg x=18442.9 y=11124.6
filename=/home/prichard/src/WS_041/Da154.jpg x=17700.4 y=11124.6
filename=/home/prichard/src/WS_041/Da153.jpg x=16957.9 y=11124.6
filename=/home/prichard/src/WS_041/Da152.jpg x=16215.3 y=11124.6
filename=/home/prichard/src/WS_041/Da151.jpg x=15472.8 y=11124.6
filename=/home/prichard/src/WS_041/Da150.jpg x=14730.2 y=11124.6
filename=/home/prichard/src/WS_041/Da149.jpg x=13987.7 y=11124.6
filename=/home/prichard/src/WS_041/Da148.jpg x=13245.2 y=11124.6
filename=/home/prichard/src/WS_041/Da147.jpg x=12502.6 y=11124.6
filename=/home/prichard/src/WS_041/Da146.jpg x=11760.1 y=11124.6
filename=/home/prichard/src/WS_041/Da145.jpg x=11017.5 y=11124.6
filename=/home/prichard/src/WS_041/Da129.jpg x=22898.2 y=10652.8
filename=/home/prichard/src/WS_041/Da130.jpg x=22155.7 y=10652.8
filename=/home/prichard/src/WS_041/Da131.jpg x=21413.1 y=10652.8
filename=/home/prichard/src/WS_041/Da132.jpg x=20670.6 y=10652.8
filename=/home/prichard/src/WS_041/Da133.jpg x=19928 y=10652.8
filename=/home/prichard/src/WS_041/Da134.jpg x=19185.5 y=10652.8
filename=/home/prichard/src/WS_041/Da135.jpg x=18442.9 y=10652.8
filename=/home/prichard/src/WS_041/Da136.jpg x=17700.4 y=10652.8
filename=/home/prichard/src/WS_041/Da137.jpg x=16957.9 y=10652.8
filename=/home/prichard/src/WS_041/Da138.jpg x=16215.3 y=10652.8
filename=/home/prichard/src/WS_041/Da139.jpg x=15472.8 y=10652.8
filename=/home/prichard/src/WS_041/Da140.jpg x=14730.2 y=10652.8
filename=/home/prichard/src/WS_041/Da141.jpg x=13987.7 y=10652.8
filename=/home/prichard/src/WS_041/Da142.jpg x=13245.2 y=10652.8
filename=/home/prichard/src/WS_041/Da143.jpg x=12502.6 y=10652.8
filename=/home/prichard/src/WS_041/Da144.jpg x=11760.1 y=10652.8
filename=/home/prichard/src/WS_041/Da128.jpg x=22898.2 y=10180.9
filename=/home/prichard/src/WS_041/Da127.jpg x=22155.7 y=10180.9
filename=/home/prichard/src/WS_041/Da126.jpg x=21413.1 y=10180.9
filename=/home/prichard/src/WS_041/Da125.jpg x=20670.6 y=10180.9
filename=/home/prichard/src/WS_041/Da124.jpg x=19928 y=10180.9
filename=/home/prichard/src/WS_041/Da123.jpg x=19185.5 y=10180.9
filename=/home/prichard/src/WS_041/Da122.jpg x=18442.9 y=10180.9
filename=/home/prichard/src/WS_041/Da121.jpg x=17700.4 y=10180.9
filename=/home/prichard/src/WS_041/Da120.jpg x=16957.9 y=10180.9
filename=/home/prichard/src/WS_041/Da119.jpg x=16215.3 y=10180.9
filename=/home/prichard/src/WS_041/Da118.jpg x=15472.8 y=10180.9
filename=/home/prichard/src/WS_041/Da117.jpg x=14730.2 y=10180.9
filename=/home/prichard/src/WS_041/Da116.jpg x=13987.7 y=10180.9
filename=/home/prichard/src/WS_041/Da115.jpg x=13245.2 y=10180.9
filename=/home/prichard/src/WS_041/Da114.jpg x=12502.6 y=10180.9
filename=/home/prichard/src/WS_041/Da113.jpg x=11760.1 y=10180.9
filename=/home/prichard/src/WS_041/Da96.jpg x=23640.7 y=9709.05
filename=/home/prichard/src/WS_041/Da97.jpg x=22898.2 y=9709.05
filename=/home/prichard/src/WS_041/Da98.jpg x=22155.7 y=9709.05
filename=/home/prichard/src/WS_041/Da99.jpg x=21413.1 y=9709.05
filename=/home/prichard/src/WS_041/Da100.jpg x=20670.6 y=9709.05
filename=/home/prichard/src/WS_041/Da101.jpg x=19928 y=9709.05
filename=/home/prichard/src/WS_041/Da102.jpg x=19185.5 y=9709.05
filename=/home/prichard/src/WS_041/Da103.jpg x=18442.9 y=9709.05
filename=/home/prichard/src/WS_041/Da104.jpg x=17700.4 y=9709.05
filename=/home/prichard/src/WS_041/Da105.jpg x=16957.9 y=9709.05
filename=/home/prichard/src/WS_041/Da106.jpg x=16215.3 y=9709.05
filename=/home/prichard/src/WS_041/Da107.jpg x=15472.8 y=9709.05
filename=/home/prichard/src/WS_041/Da108.jpg x=14730.2 y=9709.05
filename=/home/prichard/src/WS_041/Da109.jpg x=13987.7 y=9709.05
filename=/home/prichard/src/WS_041/Da110.jpg x=13245.2 y=9709.05
filename=/home/prichard/src/WS_041/Da111.jpg x=12502.6 y=9709.05
filename=/home/prichard/src/WS_041/Da112.jpg x=11760.1 y=9709.05
filename=/home/prichard/src/WS_041/Da95.jpg x=23640.7 y=9237.19
filename=/home/prichard/src/WS_041/Da94.jpg x=22898.2 y=9237.19
filename=/home/prichard/src/WS_041/Da93.jpg x=22155.7 y=9237.19
filename=/home/prichard/src/WS_041/Da92.jpg x=21413.1 y=9237.19
filename=/home/prichard/src/WS_041/Da91.jpg x=20670.6 y=9237.19
filename=/home/prichard/src/WS_041/Da90.jpg x=19928 y=9237.19
filename=/home/prichard/src/WS_041/Da89.jpg x=19185.5 y=9237.19
filename=/home/prichard/src/WS_041/Da88.jpg x=18442.9 y=9237.19
filename=/home/prichard/src/WS_041/Da87.jpg x=17700.4 y=9237.19
filename=/home/prichard/src/WS_041/Da86.jpg x=16957.9 y=9237.19
filename=/home/prichard/src/WS_041/Da85.jpg x=16215.3 y=9237.19
filename=/home/prichard/src/WS_041/Da84.jpg x=15472.8 y=9237.19
filename=/home/prichard/src/WS_041/Da83.jpg x=14730.2 y=9237.19
filename=/home/prichard/src/WS_041/Da82.jpg x=13987.7 y=9237.19
filename=/home/prichard/src/WS_041/Da81.jpg x=13245.2 y=9237.19
filename=/home/prichard/src/WS_041/Da80.jpg x=12502.6 y=9237.19
filename=/home/prichard/src/WS_041/Da79.jpg x=11760.1 y=9237.19
filename=/home/prichard/src/WS_041/Da61.jpg x=24383.3 y=8765.32
filename=/home/prichard/src/WS_041/Da62.jpg x=23640.7 y=8765.32
filename=/home/prichard/src/WS_041/Da63.jpg x=22898.2 y=8765.32
filename=/home/prichard/src/WS_041/Da64.jpg x=22155.7 y=8765.32
filename=/home/prichard/src/WS_041/Da65.jpg x=21413.1 y=8765.32
filename=/home/prichard/src/WS_041/Da66.jpg x=20670.6 y=8765.32
filename=/home/prichard/src/WS_041/Da67.jpg x=19928 y=8765.32
filename=/home/prichard/src/WS_041/Da68.jpg x=19185.5 y=8765.32
filename=/home/prichard/src/WS_041/Da69.jpg x=18442.9 y=8765.32
filename=/home/prichard/src/WS_041/Da70.jpg x=17700.4 y=8765.32
filename=/home/prichard/src/WS_041/Da71.jpg x=16957.9 y=8765.32
filename=/home/prichard/src/WS_041/Da72.jpg x=16215.3 y=8765.32
filename=/home/prichard/src/WS_041/Da73.jpg x=15472.8 y=8765.32
filename=/home/prichard/src/WS_041/Da74.jpg x=14730.2 y=8765.32
filename=/home/prichard/src/WS_041/Da75.jpg x=13987.7 y=8765.32
filename=/home/prichard/src/WS_041/Da76.jpg x=13245.2 y=8765.32
filename=/home/prichard/src/WS_041/Da77.jpg x=12502.6 y=8765.32
filename=/home/prichard/src/WS_041/Da78.jpg x=11760.1 y=8765.32
filename=/home/prichard/src/WS_041/Da60.jpg x=24383.3 y=8293.46
filename=/home/prichard/src/WS_041/Da59.jpg x=23640.7 y=8293.46
filename=/home/prichard/src/WS_041/Da58.jpg x=22898.2 y=8293.46
filename=/home/prichard/src/WS_041/Da57.jpg x=22155.7 y=8293.46
filename=/home/prichard/src/WS_041/Da56.jpg x=21413.1 y=8293.46
filename=/home/prichard/src/WS_041/Da55.jpg x=20670.6 y=8293.46
filename=/home/prichard/src/WS_041/Da54.jpg x=19928 y=8293.46
filename=/home/prichard/src/WS_041/Da53.jpg x=19185.5 y=8293.46
filename=/home/prichard/src/WS_041/Da52.jpg x=18442.9 y=8293.46
filename=/home/prichard/src/WS_041/Da51.jpg x=17700.4 y=8293.46
filename=/home/prichard/src/WS_041/Da50.jpg x=16957.9 y=8293.46
filename=/home/prichard/src/WS_041/Da49.jpg x=16215.3 y=8293.46
filename=/home/prichard/src/WS_041/Da48.jpg x=15472.8 y=8293.46
filename=/home/prichard/src/WS_041/Da47.jpg x=14730.2 y=8293.46
filename=/home/prichard/src/WS_041/Da46.jpg x=13987.7 y=8293.46
filename=/home/prichard/src/WS_041/Da45.jpg x=13245.2 y=8293.46
filename=/home/prichard/src/WS_041/Da44.jpg x=12502.6 y=8293.46
filename=/home/prichard/src/WS_041/Da29.jpg x=23640.7 y=7821.59
filename=/home/prichard/src/WS_041/Da30.jpg x=22898.2 y=7821.59
filename=/home/prichard/src/WS_041/Da31.jpg x=22155.7 y=7821.59
filename=/home/prichard/src/WS_041/Da32.jpg x=21413.1 y=7821.59
filename=/home/prichard/src/WS_041/Da33.jpg x=20670.6 y=7821.59
filename=/home/prichard/src/WS_041/Da34.jpg x=19928 y=7821.59
filename=/home/prichard/src/WS_041/Da35.jpg x=19185.5 y=7821.59
filename=/home/prichard/src/WS_041/Da36.jpg x=18442.9 y=7821.59
filename=/home/prichard/src/WS_041/Da37.jpg x=17700.4 y=7821.59
filename=/home/prichard/src/WS_041/Da38.jpg x=16957.9 y=7821.59
filename=/home/prichard/src/WS_041/Da39.jpg x=16215.3 y=7821.59
filename=/home/prichard/src/WS_041/Da40.jpg x=15472.8 y=7821.59
filename=/home/prichard/src/WS_041/Da41.jpg x=14730.2 y=7821.59
filename=/home/prichard/src/WS_041/Da42.jpg x=13987.7 y=7821.59
filename=/home/prichard/src/WS_041/Da43.jpg x=13245.2 y=7821.59
filename=/home/prichard/src/WS_041/Da28.jpg x=22898.2 y=7349.73
filename=/home/prichard/src/WS_041/Da27.jpg x=22155.7 y=7349.73
filename=/home/prichard/src/WS_041/Da26.jpg x=21413.1 y=7349.73
filename=/home/prichard/src/WS_041/Da25.jpg x=20670.6 y=7349.73
filename=/home/prichard/src/WS_041/Da24.jpg x=19928 y=7349.73
filename=/home/prichard/src/WS_041/Da23.jpg x=19185.5 y=7349.73
filename=/home/prichard/src/WS_041/Da22.jpg x=18442.9 y=7349.73
filename=/home/prichard/src/WS_041/Da21.jpg x=17700.4 y=7349.73
filename=/home/prichard/src/WS_041/Da20.jpg x=16957.9 y=7349.73
filename=/home/prichard/src/WS_041/Da19.jpg x=16215.3 y=7349.73
filename=/home/prichard/src/WS_041/Da18.jpg x=15472.8 y=7349.73
filename=/home/prichard/src/WS_041/Da17.jpg x=14730.2 y=7349.73
filename=/home/prichard/src/WS_041/Da16.jpg x=13987.7 y=7349.73
filename=/home/prichard/src/WS_041/Da6.jpg x=21413.1 y=6877.86
filename=/home/prichard/src/WS_041/Da7.jpg x=20670.6 y=6877.86
filename=/home/prichard/src/WS_041/Da8.jpg x=19928 y=6877.86
filename=/home/prichard/src/WS_041/Da9.jpg x=19185.5 y=6877.86
filename=/home/prichard/src/WS_041/Da10.jpg x=18442.9 y=6877.86
filename=/home/prichard/src/WS_041/Da11.jpg x=17700.4 y=6877.86
filename=/home/prichard/src/WS_041/Da12.jpg x=16957.9 y=6877.86
filename=/home/prichard/src/WS_041/Da13.jpg x=16215.3 y=6877.86
filename=/home/prichard/src/WS_041/Da14.jpg x=15472.8 y=6877.86
filename=/home/prichard/src/WS_041/Da15.jpg x=14730.2 y=6877.86
filename=/home/prichard/src/WS_041/Da5.jpg x=19185.5 y=6406
filename=/home/prichard/src/WS_041/Da4.jpg x=18442.9 y=6406
filename=/home/prichard/src/WS_041/Da3.jpg x=17700.4 y=6406
filename=/home/prichard/src/WS_041/Da2.jpg x=16957.9 y=6406
filename=/home/prichard/src/WS_041/Da1.jpg x=16215.3 y=6406
filename=/home/prichard/src/WS_041/Da0.jpg x=15472.8 y=6406
filename=/home/prichard/src/WS_041/Db1.jpg x=4967 y=5726
filename=/home/prichard/src/WS_041/Db2.jpg x=4215 y=5726
filename=/home/prichard/src/WS_041/Db3.jpg x=3463 y=5726
filename=/home/prichard/src/WS_041/Db4.jpg x=2711 y=5726
filename=/home/prichard/src/WS_041/Db5.jpg x=4967 y=5246
filename=/home/prichard/src/WS_041/Db6.jpg x=4215 y=5246
filename=/home/prichard/src/WS_041/Db7.jpg x=3463 y=5246
filename=/home/prichard/src/WS_041/Db8.jpg x=2711 y=5246
filename=/home/prichard/src/WS_041/Db9.jpg x=1959 y=5246
filename=/home/prichard/src/WS_041/Db10.jpg x=4967 y=4766
filename=/home/prichard/src/WS_041/Db11.jpg x=4215 y=4766
filename=/home/prichard/src/WS_041/Db12.jpg x=3463 y=4766
filename=/home/prichard/src/WS_041/Db13.jpg x=2711 y=4766
filename=/home/prichard/src/WS_041/Db14.jpg x=1959 y=4766
filename=/home/prichard/src/WS_041/Db15.jpg x=4967 y=4286
filename=/home/prichard/src/WS_041/Db16.jpg x=4215 y=4286
filename=/home/prichard/src/WS_041/Db17.jpg x=3463 y=4286
filename=/home/prichard/src/WS_041/Db18.jpg x=2711 y=4286
filename=/home/prichard/src/WS_041/Db19.jpg x=1959 y=4286
filename=/home/prichard/src/WS_041/Db20.jpg x=4215 y=3806
filename=/home/prichard/src/WS_041/Db21.jpg x=3463 y=3806
filename=/home/prichard/src/WS_041/Db22.jpg x=2711 y=3806
filename=/home/prichard/src/WS_041/Db23.jpg x=4967 y=3326
filename=/home/prichard/src/WS_041/Db24.jpg x=4215 y=3326
filename=/home/prichard/src/WS_041/Db25.jpg x=3463 y=3326
filename=/home/prichard/src/WS_041/Db26.jpg x=2711 y=3326
filename=/home/prichard/src/WS_041/Db27.jpg x=5719 y=2846
filename=/home/prichard/src/WS_041/Db28.jpg x=4967 y=2846
filename=/home/prichard/src/WS_041/Db29.jpg x=4215 y=2846
filename=/home/prichard/src/WS_041/Db30.jpg x=3463 y=2846
filename=/home/prichard/src/WS_041/Db31.jpg x=2711 y=2846
filename=/home/prichard/src/WS_041/Db32.jpg x=5719 y=2366
filename=/home/prichard/src/WS_041/Db33.jpg x=4967 y=2366
filename=/home/prichard/src/WS_041/Db34.jpg x=4215 y=2366
filename=/home/prichard/src/WS_041/Db35.jpg x=3463 y=2366
filename=/home/prichard/src/WS_041/Db36.jpg x=2711 y=2366
filename=/home/prichard/src/WS_041/Db37.jpg x=5719 y=1886
filename=/home/prichard/src/WS_041/Db38.jpg x=4967 y=1886
filename=/home/prichard/src/WS_041/Db39.jpg x=4215 y=1886
filename=/home/prichard/src/WS_041/Db40.jpg x=3463 y=1886
filename=/home/prichard/src/WS_041/Db41.jpg x=2711 y=1886
filename=/home/prichard/src/WS_041/Db42.jpg x=5719 y=1406
filename=/home/prichard/src/WS_041/Db43.jpg x=4967 y=1406
filename=/home/prichard/src/WS_041/Db44.jpg x=4215 y=1406
filename=/home/prichard/src/WS_041/Db45.jpg x=3463 y=1406
 PreviewSlide.jpg found. Width=464 Height=240
